-- Install configuration: ""
-- Execute custom install script
-- Up-to-date symlink: /home/pedro/TrashE/p3at_sim/install/ign_simulation/share/ign_simulation//launch/p3at_empty.launch.py
-- Up-to-date symlink: /home/pedro/TrashE/p3at_sim/install/ign_simulation/share/ign_simulation//launch/x1_empty.launch.py
-- Up-to-date symlink: /home/pedro/TrashE/p3at_sim/install/ign_simulation/share/ign_simulation//models/cave/materials/textures/Asphalt.jpg
-- Up-to-date symlink: /home/pedro/TrashE/p3at_sim/install/ign_simulation/share/ign_simulation//models/cave/materials/textures/Cables_Albedo.jpg
-- Up-to-date symlink: /home/pedro/TrashE/p3at_sim/install/ign_simulation/share/ign_simulation//models/cave/materials/textures/Chainlink_Albedo.jpg
-- Up-to-date symlink: /home/pedro/TrashE/p3at_sim/install/ign_simulation/share/ign_simulation//models/cave/materials/textures/Chainlink_Transparency.jpg
-- Up-to-date symlink: /home/pedro/TrashE/p3at_sim/install/ign_simulation/share/ign_simulation//models/cave/materials/textures/Door_Albedo.jpg
-- Up-to-date symlink: /home/pedro/TrashE/p3at_sim/install/ign_simulation/share/ign_simulation//models/cave/materials/textures/Entrance.jpg
-- Up-to-date symlink: /home/pedro/TrashE/p3at_sim/install/ign_simulation/share/ign_simulation//models/cave/materials/textures/GroundDirt_Albedo.jpg
-- Up-to-date symlink: /home/pedro/TrashE/p3at_sim/install/ign_simulation/share/ign_simulation//models/cave/materials/textures/Light_Plastic_Albedo.jpg
-- Up-to-date symlink: /home/pedro/TrashE/p3at_sim/install/ign_simulation/share/ign_simulation//models/cave/materials/textures/Light_Plastic_Emissive.jpg
-- Up-to-date symlink: /home/pedro/TrashE/p3at_sim/install/ign_simulation/share/ign_simulation//models/cave/materials/textures/Pipes_Albedo.jpg
-- Up-to-date symlink: /home/pedro/TrashE/p3at_sim/install/ign_simulation/share/ign_simulation//models/cave/materials/textures/Rails_Albedo.jpg
-- Up-to-date symlink: /home/pedro/TrashE/p3at_sim/install/ign_simulation/share/ign_simulation//models/cave/materials/textures/RockWall_Albedo.jpg
-- Up-to-date symlink: /home/pedro/TrashE/p3at_sim/install/ign_simulation/share/ign_simulation//models/cave/materials/textures/RustyMetal_Albedo.jpg
-- Up-to-date symlink: /home/pedro/TrashE/p3at_sim/install/ign_simulation/share/ign_simulation//models/cave/materials/textures/Wood_Albedo.jpg
-- Up-to-date symlink: /home/pedro/TrashE/p3at_sim/install/ign_simulation/share/ign_simulation//models/cave/materials/textures/YellowPlastic_Albedo.jpg
-- Up-to-date symlink: /home/pedro/TrashE/p3at_sim/install/ign_simulation/share/ign_simulation//models/cave/meshes/Edgar_Section_01.DAE
-- Up-to-date symlink: /home/pedro/TrashE/p3at_sim/install/ign_simulation/share/ign_simulation//models/cave/meshes/Edgar_Section_02.DAE
-- Up-to-date symlink: /home/pedro/TrashE/p3at_sim/install/ign_simulation/share/ign_simulation//models/cave/meshes/Edgar_Section_03.DAE
-- Up-to-date symlink: /home/pedro/TrashE/p3at_sim/install/ign_simulation/share/ign_simulation//models/cave/meshes/Edgar_Section_04.DAE
-- Up-to-date symlink: /home/pedro/TrashE/p3at_sim/install/ign_simulation/share/ign_simulation//models/cave/meshes/Edgar_Section_05.DAE
-- Up-to-date symlink: /home/pedro/TrashE/p3at_sim/install/ign_simulation/share/ign_simulation//models/cave/meshes/Edgar_Section_06.DAE
-- Up-to-date symlink: /home/pedro/TrashE/p3at_sim/install/ign_simulation/share/ign_simulation//models/cave/meshes/Edgar_Section_07.DAE
-- Up-to-date symlink: /home/pedro/TrashE/p3at_sim/install/ign_simulation/share/ign_simulation//models/cave/meshes/Edgar_Section_08.DAE
-- Up-to-date symlink: /home/pedro/TrashE/p3at_sim/install/ign_simulation/share/ign_simulation//models/cave/meshes/Edgar_Section_09.DAE
-- Up-to-date symlink: /home/pedro/TrashE/p3at_sim/install/ign_simulation/share/ign_simulation//models/cave/meshes/Edgar_Section_10.DAE
-- Up-to-date symlink: /home/pedro/TrashE/p3at_sim/install/ign_simulation/share/ign_simulation//models/cave/meshes/Edgar_StartingArea.DAE
-- Up-to-date symlink: /home/pedro/TrashE/p3at_sim/install/ign_simulation/share/ign_simulation//models/cave/model.config
-- Up-to-date symlink: /home/pedro/TrashE/p3at_sim/install/ign_simulation/share/ign_simulation//models/cave/model.sdf
-- Up-to-date symlink: /home/pedro/TrashE/p3at_sim/install/ign_simulation/share/ign_simulation//models/cave/thumbnails/1.jpg
-- Up-to-date symlink: /home/pedro/TrashE/p3at_sim/install/ign_simulation/share/ign_simulation//models/cave/thumbnails/2.jpg
-- Up-to-date symlink: /home/pedro/TrashE/p3at_sim/install/ign_simulation/share/ign_simulation//models/cave/thumbnails/3.jpg
-- Up-to-date symlink: /home/pedro/TrashE/p3at_sim/install/ign_simulation/share/ign_simulation//models/cave/thumbnails/4.jpg
-- Up-to-date symlink: /home/pedro/TrashE/p3at_sim/install/ign_simulation/share/ign_simulation//models/cave/thumbnails/5.jpg
-- Symlinking: /home/pedro/TrashE/p3at_sim/install/ign_simulation/share/ign_simulation//models/p3at/meshes/chassis.dae
-- Symlinking: /home/pedro/TrashE/p3at_sim/install/ign_simulation/share/ign_simulation//models/p3at/meshes/wheel.dae
-- Symlinking: /home/pedro/TrashE/p3at_sim/install/ign_simulation/share/ign_simulation//models/p3at/model-1_3.sdf
-- Symlinking: /home/pedro/TrashE/p3at_sim/install/ign_simulation/share/ign_simulation//models/p3at/model-1_4.sdf
-- Symlinking: /home/pedro/TrashE/p3at_sim/install/ign_simulation/share/ign_simulation//models/p3at/model.config
-- Symlinking: /home/pedro/TrashE/p3at_sim/install/ign_simulation/share/ign_simulation//models/p3at/model.sdf
-- Symlinking: /home/pedro/TrashE/p3at_sim/install/ign_simulation/share/ign_simulation//models/p3at/thumbnails/1.png
-- Symlinking: /home/pedro/TrashE/p3at_sim/install/ign_simulation/share/ign_simulation//models/p3at/thumbnails/2.png
-- Symlinking: /home/pedro/TrashE/p3at_sim/install/ign_simulation/share/ign_simulation//models/p3at/thumbnails/3.png
-- Symlinking: /home/pedro/TrashE/p3at_sim/install/ign_simulation/share/ign_simulation//models/p3at/thumbnails/4.png
-- Symlinking: /home/pedro/TrashE/p3at_sim/install/ign_simulation/share/ign_simulation//models/p3at/thumbnails/5.png
-- Up-to-date symlink: /home/pedro/TrashE/p3at_sim/install/ign_simulation/share/ign_simulation//models/x1/materials/textures/headlight.jpg
-- Up-to-date symlink: /home/pedro/TrashE/p3at_sim/install/ign_simulation/share/ign_simulation//models/x1/materials/textures/led.jpg
-- Up-to-date symlink: /home/pedro/TrashE/p3at_sim/install/ign_simulation/share/ign_simulation//models/x1/meshes/accessories/kinect.dae
-- Up-to-date symlink: /home/pedro/TrashE/p3at_sim/install/ign_simulation/share/ign_simulation//models/x1/meshes/accessories/kinect.jpg
-- Up-to-date symlink: /home/pedro/TrashE/p3at_sim/install/ign_simulation/share/ign_simulation//models/x1/meshes/accessories/kinect.tga
-- Up-to-date symlink: /home/pedro/TrashE/p3at_sim/install/ign_simulation/share/ign_simulation//models/x1/meshes/chassis.dae
-- Up-to-date symlink: /home/pedro/TrashE/p3at_sim/install/ign_simulation/share/ign_simulation//models/x1/meshes/headlight.dae
-- Up-to-date symlink: /home/pedro/TrashE/p3at_sim/install/ign_simulation/share/ign_simulation//models/x1/meshes/headlight_lamp.dae
-- Up-to-date symlink: /home/pedro/TrashE/p3at_sim/install/ign_simulation/share/ign_simulation//models/x1/meshes/led.dae
-- Up-to-date symlink: /home/pedro/TrashE/p3at_sim/install/ign_simulation/share/ign_simulation//models/x1/meshes/led_lamp.dae
-- Up-to-date symlink: /home/pedro/TrashE/p3at_sim/install/ign_simulation/share/ign_simulation//models/x1/meshes/sick-lms1xx-bracket.stl
-- Up-to-date symlink: /home/pedro/TrashE/p3at_sim/install/ign_simulation/share/ign_simulation//models/x1/meshes/top_plate.dae
-- Up-to-date symlink: /home/pedro/TrashE/p3at_sim/install/ign_simulation/share/ign_simulation//models/x1/meshes/wheel.dae
-- Up-to-date symlink: /home/pedro/TrashE/p3at_sim/install/ign_simulation/share/ign_simulation//models/x1/model.config
-- Up-to-date symlink: /home/pedro/TrashE/p3at_sim/install/ign_simulation/share/ign_simulation//models/x1/model.sdf
-- Up-to-date symlink: /home/pedro/TrashE/p3at_sim/install/ign_simulation/share/ign_simulation//models/x1/thumbnails/1.jpg
-- Up-to-date symlink: /home/pedro/TrashE/p3at_sim/install/ign_simulation/share/ign_simulation//models/x1/thumbnails/2.jpg
-- Up-to-date symlink: /home/pedro/TrashE/p3at_sim/install/ign_simulation/share/ign_simulation//models/x1/thumbnails/3.jpg
-- Up-to-date symlink: /home/pedro/TrashE/p3at_sim/install/ign_simulation/share/ign_simulation//models/x1/thumbnails/4.jpg
-- Up-to-date symlink: /home/pedro/TrashE/p3at_sim/install/ign_simulation/share/ign_simulation//models/x1/thumbnails/5.jpg
-- Up-to-date symlink: /home/pedro/TrashE/p3at_sim/install/ign_simulation/share/ign_simulation//worlds/cave_world.sdf
-- Up-to-date symlink: /home/pedro/TrashE/p3at_sim/install/ign_simulation/share/ign_simulation//worlds/empty.sdf
-- Up-to-date symlink: /home/pedro/TrashE/p3at_sim/install/ign_simulation/share/ign_simulation//ign/gui.config
-- Up-to-date symlink: /home/pedro/TrashE/p3at_sim/install/ign_simulation/share/ign_simulation/environment/ign_simulation.sh
-- Up-to-date symlink: /home/pedro/TrashE/p3at_sim/install/ign_simulation/share/ign_simulation/environment/ign_simulation.dsv
-- Up-to-date symlink: /home/pedro/TrashE/p3at_sim/install/ign_simulation/share/ament_index/resource_index/package_run_dependencies/ign_simulation
-- Up-to-date symlink: /home/pedro/TrashE/p3at_sim/install/ign_simulation/share/ament_index/resource_index/parent_prefix_path/ign_simulation
-- Up-to-date symlink: /home/pedro/TrashE/p3at_sim/install/ign_simulation/share/ign_simulation/environment/ament_prefix_path.sh
-- Up-to-date symlink: /home/pedro/TrashE/p3at_sim/install/ign_simulation/share/ign_simulation/environment/ament_prefix_path.dsv
-- Up-to-date symlink: /home/pedro/TrashE/p3at_sim/install/ign_simulation/share/ign_simulation/environment/path.sh
-- Up-to-date symlink: /home/pedro/TrashE/p3at_sim/install/ign_simulation/share/ign_simulation/environment/path.dsv
-- Up-to-date symlink: /home/pedro/TrashE/p3at_sim/install/ign_simulation/share/ign_simulation/local_setup.bash
-- Up-to-date symlink: /home/pedro/TrashE/p3at_sim/install/ign_simulation/share/ign_simulation/local_setup.sh
-- Up-to-date symlink: /home/pedro/TrashE/p3at_sim/install/ign_simulation/share/ign_simulation/local_setup.zsh
-- Up-to-date symlink: /home/pedro/TrashE/p3at_sim/install/ign_simulation/share/ign_simulation/local_setup.dsv
-- Symlinking: /home/pedro/TrashE/p3at_sim/install/ign_simulation/share/ign_simulation/package.dsv
-- Up-to-date symlink: /home/pedro/TrashE/p3at_sim/install/ign_simulation/share/ament_index/resource_index/packages/ign_simulation
-- Up-to-date symlink: /home/pedro/TrashE/p3at_sim/install/ign_simulation/share/ign_simulation/cmake/ign_simulationConfig.cmake
-- Up-to-date symlink: /home/pedro/TrashE/p3at_sim/install/ign_simulation/share/ign_simulation/cmake/ign_simulationConfig-version.cmake
-- Up-to-date symlink: /home/pedro/TrashE/p3at_sim/install/ign_simulation/share/ign_simulation/package.xml
